[debug] [2019-12-22T05:07:17.338Z] ----------------------------------------------------------------------
[debug] [2019-12-22T05:07:17.340Z] Command:       /Users/anthonyplanavsky/.nvm/versions/node/v11.15.0/bin/node /Users/anthonyplanavsky/.nvm/versions/node/v11.15.0/bin/firebase init
[debug] [2019-12-22T05:07:17.340Z] CLI Version:   7.11.0
[debug] [2019-12-22T05:07:17.340Z] Platform:      darwin
[debug] [2019-12-22T05:07:17.341Z] Node Version:  v11.15.0
[debug] [2019-12-22T05:07:17.342Z] Time:          Sun Dec 22 2019 00:07:17 GMT-0500 (Eastern Standard Time)
[debug] [2019-12-22T05:07:17.342Z] ----------------------------------------------------------------------
[debug] [2019-12-22T05:07:17.342Z] 
[debug] [2019-12-22T05:07:17.350Z] > command requires scopes: ["email","openid","https://www.googleapis.com/auth/cloudplatformprojects.readonly","https://www.googleapis.com/auth/firebase","https://www.googleapis.com/auth/cloud-platform"]
[debug] [2019-12-22T05:07:17.350Z] > authorizing via signed-in user
[info] 
     ######## #### ########  ######## ########     ###     ######  ########
     ##        ##  ##     ## ##       ##     ##  ##   ##  ##       ##
     ######    ##  ########  ######   ########  #########  ######  ######
     ##        ##  ##    ##  ##       ##     ## ##     ##       ## ##
     ##       #### ##     ## ######## ########  ##     ##  ######  ########

You're about to initialize a Firebase project in this directory:

  /Users/anthonyplanavsky/Google Drive/app-development/planavsky-com

Before we get started, keep in mind:

  * You are initializing in an existing Firebase project directory

